Leafy#4135 is online
lordkekyshka issued command "screenbread"
Leafy - <:stop:1338512349455319111> Функция недоступна т.к. выключена
fijiwj issued command "toggle-screenshot"
Leafy - Функция включена.
fijiwj - бота перезапускал
lordkekyshka issued command "screenbread"
Скриншот сохранен:
fijiwj - забыл включить
Leafy - <t:1739202085:f>
fijiwj - теперь включил
lordkekyshka - я буду скриннить твой экран когда ты печатаешь и отвечать быстрее
lordkekyshka issued command "screenbread"
Скриншот сохранен:
Leafy - <t:1739202124:f>
lordkekyshka - и чё ты троллишь
fijiwj - развел лоха
fijiwj - 😈
lordkekyshka - нет
fijiwj - завтра буду писать тг бота который будет пересылать сообщения с дии в тг
fijiwj - чтобы я мог больше не заходить в это поиложение
lordkekyshka - я так хотел чтоб мне с почтой сделали
fijiwj - уродское
lordkekyshka - чтоб я не открывал браузер
lordkekyshka - Чтоб копировать код и закрывать
fijiwj - у меня так почта
theredtnt - в дии???????????
theredtnt - 😠
fijiwj - в Дискорд ч телефона
fijiwj - с телефона
fijiwj - это пиздец просто
theredtnt - сука
lordkekyshka - ААААААААААААААААААААА
theredtnt - я думал у меня фср включился
theredtnt - а я забыл что я в говно был
theredtnt - вот чё поплыло ебало то
fijiwj - ты на фср не пизди ээ
fijiwj - я с фср на качество играю
fijiwj - все заебись
theredtnt - ну ладно, фср пиксельным делал мне
theredtnt - не мыльным
theredtnt - не забуду небо в таркове
theredtnt - сжатое в 128 раз
theredtnt - натянутое на весь скайбокс
lordkekyshka - ОООЙ БЛЯЯ
fijiwj - 
theredtnt - я пизжу на него, потому что он только апскейлит, у dlss-а ещё есть dlaa
theredtnt - который зачастую ебашит сглаживание неплохое
fijiwj - ну
fijiwj - мне не довелось сравнить
fijiwj - поверю на слово
lordkekyshka - прив.
theredtnt - да не
fijiwj - но все равно выглядит заебись вроде
theredtnt - кайфуй
theredtnt - проблема в том, что некоторые разрабы срут с длсс
theredtnt - а некоторые прям хорошо делают
theredtnt - в некоторых оно на fxaa похоже, но с прибавкой фпс
fijiwj - эх игорь желудок
MEE6 Webhooks - 
theredtnt - даже не игнат
theredtnt - а если ставить на ультраперформанс вообще араб фанни начинается
theredtnt - инфы о объектах начинает не хватать
theredtnt - и dlaa начинает сглаживать не лесенки
theredtnt - а всё нахуй
16x9 - уснул
MEE6 Webhooks - 
devige - djqc uj
devige - войс го
fijiwj - 
fijiwj - жуледок или желудок
theredtnt - наконец-то узнаю как играть в кингдом кам https://youtu.be/IoGklbwY9jM?si=Jo3cxGe-diyE1xWZ
theredtnt - спасибо ютуб
MEE6 Webhooks - 
theredtnt - нихуя начало у видео
theredtnt - https://youtu.be/1ZqWi2DyRv4?si=AzQ8Bs1IAgMRNClL
theredtnt - джон чсв признался
theredtnt - расскрыл свою истинную натуру
fijiwj - не знаю что за бунт там
fijiwj - но как джон
fijiwj - я бы присоединился
theredtnt - я тоже
theredtnt - у меня справка есть
theredtnt - <@425189732494999552> блять что происходит на том геймплее нахуй
theredtnt - я щас присмотрелся
theredtnt - леопард 2к б.р. 9.7 пиздится с бипланами, пумами б.ра 3.7
theredtnt - токийский дрифт на льду нахуй
fijiwj - <:chivo:889234513815801866>
fijiwj issued command "time"
Leafy - сейчас у проба 11.02.2025, 01:56:44
lordkekyshka - Ебучий стыд...
lordkekyshka - ЫЫЫ
lordkekyshka - У меня в плейлисте заиграл тот саундтрэк, с момента убийства главы Арасаки
lordkekyshka - С ебейшей скрипкой
theredtnt - сделай команду которая отображает спишь ли ты
theredtnt - каким то хуем
theredtnt - поставь датчик движения на кровать
lordkekyshka - камеру над кроватью
lordkekyshka - И чтоб ИИ смотрел и опередялл, ты в ней или нет
MEE6 Webhooks - 
16x9 issued command "screenbread"
Скриншот сохранен:
Leafy - <t:1739203272:f>
16x9 issued command "screenbread"
Скриншот сохранен:
Leafy - <t:1739203282:f>
16x9 issued command "time"
Leafy - сейчас у проба 11.02.2025, 02:01:31
16x9 issued command "screenbread"
Скриншот сохранен:
Leafy - <t:1739203297:f>
fijiwj - бля
fijiwj - я собираюсь купить крч браслет
fijiwj - который по идее как фитнесс браслет
fijiwj - и думаю
fijiwj - через его апи можно сделать
theredtnt - ну типа
fijiwj issued command "screenbread"
Скриншот сохранен:
Leafy - <t:1739203447:f>
fijiwj - блять
theredtnt - блять
theredtnt issued command "screenbread"
Скриншот сохранен:
Leafy - <t:1739203474:f>
fijiwj - комп же в режим сна уйдет
fijiwj - ок
fijiwj - ща сделаю
fijiwj - все
fijiwj - живем
devige issued command "screenbread"
Скриншот сохранен:
Leafy - <t:1739203550:f>
devige - порно открой
devige - свое любимое
devige - с той азиаткой твоей любимой
fijiwj - да я уже спать ложусь
devige - перед сном азиаточку вруби
fijiwj - да врубал уже
theredtnt - с кем
devige - не помню как зовут
devige - напомни
theredtnt - азиаты существуют?
devige - имя ее
fijiwj - ебать
fijiwj - амстердам
fijiwj - хотя
fijiwj - пинг больше будет
fijiwj - похуй
fijiwj - да и м дорого
fijiwj - и*
lordkekyshka - Из комбинации азиатов и порно я понял то, что накаченные азиаты в нём не снимаются
devige - ало сука
lordkekyshka - По-крайней мере мне такие не попадались
devige - как зовут то
fijiwj - не скажу
devige - азиатку ту
devige - ты же говорил
fijiwj - какую бля
fijiwj - нет
fijiwj - юи такаширо говорил
lordkekyshka - какой оружие выбрать?
fijiwj - про любимую не говорил
devige - юи такашира
fijiwj - Yui Takashiro
fijiwj - я уже не помню даже как она выглядит
16x9 issued command "screenbread"
Скриншот сохранен:
Leafy - <t:1739203823:f>
devige - не видел пол дня
devige - а уже забыл
fijiwj - не видел года 4
devige - верю
fijiwj - спасибо
fijiwj - @red
Leafy - <@275327402874241034>
lordkekyshka - АХАХАХАХА
lordkekyshka - БЛЯТЬ
lordkekyshka - В киберпанке есть механика, что ты прыгаешь на чела сверху и его вырубаешь
kanareydibud - <@724606681807585361> ти зараз в бц?
lordkekyshka - И в последние 5 сек сеанса, я так спрыгнул на киберпсихопатку
lordkekyshka - по заданию
lordkekyshka - и реально смог её шотнуть
fijiwj - 
lordkekyshka - чзх
lordkekyshka - вечер, а очередей нихуя
m8th8t - ачо
kanareydibud - да чи нi
MEE6 Webhooks - 
m8th8t - до
theredtnt - ты чё хохол
theredtnt - это всё что я разобрал
lordkekyshka - Мне кажется, что у Коннора иногда включается рубильник "заебать бы какого-то украинца"
theredtnt - я вижу это видео второй раз
theredtnt - и всё ещё не могу понять что там чел на фоне пиздит
lordkekyshka - А из самых подходящих это Аляска
lordkekyshka - Вот Проба тикток Рэд посмотрел сразу
lordkekyshka - А меня с пятницы игнорит
fijiwj - "ты чуваш блять"
fijiwj - говорит
theredtnt - нихуя
theredtnt - фр
kanareydibud - Чисто в теории ты бы мог сгонять в село в часе езды
theredtnt - у меня не грузит
kanareydibud - база
lordkekyshka - пиздец тебе
m8th8t - чисто в теории нэ
m8th8t - у меня каждый день заёб
kanareydibud - а за пару деняк
m8th8t - нє
kanareydibud - анлак
lordkekyshka - а за много деняк
m8th8t - нє
m8th8t - у меня и так много
lordkekyshka - а за минэт
lordkekyshka - о
kanareydibud - будет время когда ты будешь свободен?
lordkekyshka - тогда последнее предложение, но за деняк
theredtnt - и какое же
MEE6 Webhooks - 
devige - https://tenor.com/view/chevo-gif-25275428
lordkekyshka - Я вот занимаюсь своими делами в другой части комнаты, поворачиваюьс прочитать пинг и вижу это. Я думал, что закончу и этого вопроса уже не будет, но видимо ты не понял
lordkekyshka - ДА Я УЗНАЮ ЭТО РАЗ В МЕСЯЦ НА ПРОТЯЖЕНИИ ДВУХ ЛЕТ
theredtnt - 0 идей
lordkekyshka - Всё, на сегодня хватит киберкеков, мне лееень
fikyss - раз в пол года єкран будто только поставил 11 виндовс и єтот опрос с продуктами майков, почему блядь
16x9 - там это
16x9 - походу за музыку с майна теперь ворнеры пиздят деньги
16x9 - https://www.youtube.com/watch?v=ANA-DxHwC2E
fikyss - F
16x9 - бля уже ж было такое, не?
16x9 - уже было такое что ворнеры что-то выкупили и потом кидали дмка неправо и налево
16x9 - А ТОЧНО, С ШКИБИДИ ТУАЛЕТАМИ
16x9 - мне кажется у них отдел который эту хуйню раскидывает ваще не шарит что они приобретают и насколько это популярно
m8th8t - нужно посылку забрать?
m8th8t - или отпиздить кого-то
lordkekyshka - Можешь мне посылку в виде пиццы отправить
lordkekyshka - буду рад
m8th8t - окок
kanareydibud - цветочки подарить
lordkekyshka - мне хотели один раз подарить цветы
lordkekyshka - через сестру знакомого чела. пиздец какой-то а не план
lordkekyshka - А чел подравший ваще из краснодара
devige issued command "screenbread"
Скриншот сохранен:
Leafy - <t:1739209605:f>
lordkekyshka - йооо
lordkekyshka - нереально
lordkekyshka issued command "time"
Leafy - сейчас у проба 11.02.2025, 03:48:19
mememeower - <@462358544608395264>
mememeower - я понимал что у юбисофт все хуево
mememeower - но чтобы настолько
16x9 - у тебя капча не работает?
mememeower - да
mememeower - введите код который на картинке
mememeower - на гугл капче
16x9 - хд
16x9 - а куда ввести? вместо почты?
mectorn - ну так "Я не робот reCaptcha", чем тебе не код
mememeower - 
mememeower - НОРМ ПЕРЕВОД?
mememeower - НОРМ???
mememeower - от языка еще и версия ui зависит
kocak_ - 
lordkekyshka - хочу больше каких-то жутких приколов добавлять в видео
lordkekyshka - как я уже делал
theredtnt - вспомнил
theredtnt - террария
theredtnt - и то, из видео я нихуя не понял
theredtnt - и просто сидел читал вики в надежде что мне чё-то доступно для открытия
theredtnt - не самый лучший геймдизайн
theredtnt - я бы сказал хуевый
lordkekyshka - Геймдизайн террарии это дефолт
lordkekyshka - Викигейминг
lordkekyshka - Майнкрафт раньше такой же бы
MEE6 Webhooks - 
theredtnt - он таким же и остаётся по большому счёту
mememeower - у меня юбики игру спиздили
theredtnt - мы просто знаем практически всё
theredtnt - что нужно
lordkekyshka - Нет, нихуя
mememeower - пытаюсь зайти в р6 - игра больше не принадлежит вам
mememeower - а кому блять?
theredtnt - да, дохуя
lordkekyshka - Для кого книгу зелёную добавили
theredtnt - ну, если говорить про выживание и про "прохождение игры"
theredtnt - и нахера эти крафты если ты не знаешь что с ними делать
theredtnt - тебя никто не обучает тому, что нужно делать тут
lordkekyshka - Чего блять, ты к этому доебался чтоль?
lordkekyshka - Так песочница
lordkekyshka - Экспериментируй
theredtnt - да всё завали ебало
lordkekyshka - Я думал ты до развития доебался
theredtnt - скинул всё на песочницу
lordkekyshka - Где типа открытый мир и куча материалов
lordkekyshka - И в террарии ты хуй пойми где брать ресы для развития именно своего класса
theredtnt - в майнкрафте тебя никто не обучает тому, что игру можно пройти
theredtnt - в скобочках
MEE6 Webhooks - 
mememeower - пройти песочницу
theredtnt - и никто не обучает многим элементам игры
lordkekyshka - Да в какой игре с открытым миром такому учить будут
lordkekyshka - Я сразу вспомнил Вальхейм
theredtnt - сука, ну потому я и пишу про скобочки, нахуй?
lordkekyshka - С открытым миром, где надо выживать, типа
lordkekyshka - В ДСТ так же
lordkekyshka - Да это литерали база для такого жанра
theredtnt - по-моему в факторио абсолютно всё есть
theredtnt - в игре
theredtnt - всё что тебе нужно для игры
lordkekyshka - Чё лишний раз пердеть сракой на это
lordkekyshka - лол
theredtnt - и тебе не нужно пиздовать в браузер за гайдами
16x9 - она хуйня
theredtnt - в пз тоже по сути
lordkekyshka - Ну, так в факторио и в других заводных
lordkekyshka - Это развитие в одну сторону
theredtnt - в стардью только для минмакса отношений
lordkekyshka - В развитие своей базы
theredtnt - нет, там концовка есть
mememeower - я пиздовал только чтобы пиздить дизайн балансеров на 4 и 8 линий
lordkekyshka - И у тебя есть определённый план всегда - развивай завод
lordkekyshka - Чё там учить то
lordkekyshka - Дал прогрессию и отпустил игрока
mememeower - а разве с длс концовка есть?
lordkekyshka - Ну, к которой ты приходишь через развитие базы, я полагаю
theredtnt - ну, прям в класическом понимании - нет, но тебе дальше нет смысла играть т.к. ты весь контент потрогал, дальше ток оптимизировать
theredtnt - ну, и это хорошо объяснено, у тебя там есть дерево исследований котороё ведёт к постройке ракеты для окончания игры (до длс)
theredtnt - и ты по нему двигаешься
theredtnt - в террарии есть ачивки
lordkekyshka - Ну, блять, будто бы та же вики, но в игре
theredtnt - но там не показывается что нужно сделать
lordkekyshka - Провести тебе линии от предметов к предметам в террарии
lordkekyshka - И террария теперь хорошая игра типа?
lordkekyshka - А если зайти на вики и такое же увидеть
theredtnt - скомуницировать то, что должно быть на вики, как игровой элемент
theredtnt - и тогда нормально будет
MEE6 Webhooks - 
lordkekyshka - Так, ну, как происходит развитие
lordkekyshka - аээ
theredtnt - я думаю в ммо рпг челы не играли через вики
mectorn - что обсуждаете?
theredtnt - а через личный опыт
lordkekyshka - Предположим, что я новичок в террарии, ща просто прогоню всю игру через мозг
theredtnt - и то, что им давали разрабы
lordkekyshka - дайте мне 5 минут
theredtnt - что игры в которых для комфортного гейминга необходимо вики - хуевая затея по моему мнению
mectorn - ну если фармят, то скорее всего через вики, там всё-таки есть шансы дропа и т. п.
mectorn - 100%
theredtnt - ну типа
theredtnt - и я вкинул что майнкрафт тоже грешен по этому поводу, но чуть меньше
theredtnt - да это песочница
theredtnt - и меньше сказывается на этот счёт
mectorn - так вроде давно уже обсуждалось, что у майна с этим большие проблемы
theredtnt - но всё таки много контента доступно только если ты знаешь о нём
theredtnt - и целенаправленно ищешь
theredtnt - тот же энд
mectorn - что если с нуля в него зайти без гайдов, друзей и т. п. ты далеко не уйдёшь
theredtnt - ну вот
mectorn - ну там вроде чё-то делают с ачивками, этой книжкой крафтов, но хз
theredtnt - кекушка вкинул типа: а в каких опенворлд играх этим не насрали?
theredtnt - и вот сидим думаем
theredtnt - ну типа
mectorn - куда лучше это в сборках делают со всякими деревьями ачивок
theredtnt - можно было бы те же записки делать сюжетные, которые бы вели к механикам игры
theredtnt - или постройки в мире какие нибудь
mectorn - ну в рпг за частую не нужны гайды
theredtnt - вроде ж из редстоуновых приколов только данж в джунглях?
mectorn - если не пытаться минмаксить, какой-то билд мегакрутой собирать и т. п.
mectorn - в подземном мире вроде лаборатория есть
mectorn - ну
mectorn - который город
mectorn - где варден
lordkekyshka - Аээ, мне лень. В итоге моей прогонки игры через мозг приходишь к тому, что надо тупо изучать мир
theredtnt - хз
theredtnt - ну мне бы в голову не пришло кинуть куклу вуду гида в лаву
theredtnt - условно
theredtnt - мб это где-то там в одной реплике у какого-то бомжа будет
theredtnt - завуалировано метафорами
theredtnt - но я бы ваще не подумал, что это нужно сделать чтобы перейти на следующий этап прохождения
mectorn - ну у тераррии с этим вообще огромные проблемы какие-то
theredtnt - кардинально меняющий мир
mectorn - какие-то постоянно слишком специфичные штуки для прогресса
mectorn - без инфы о них в игре
theredtnt - я когда впервые играл, убил ктулху т.к. нашёл его призывалку и +- понял чё делать с ним, а потом я ваще нихера не понимал что мне нужно делать
lordkekyshka - Мне кажется, что куклу можно понять через то, что игрок случайно разъебёт импа с ней, над лавой и не поспешит ловить, так как нуб типа
theredtnt - тупо бегал по миру
lordkekyshka - Раз там всё так удобно под это построено, что они летают и везде лава
mectorn - я с другом играл и мы тупо бегали и били обычных мобов
theredtnt - в майнкрафте с этим полегче конечно, но да, было бы прикольно если бы лорные постройки с обучением механик игры были
mectorn - а вообще разве у игрока много резона в ад ходить после первого раза?
theredtnt - или записки банальные
theredtnt - в крайнем случае ветка ачивок
theredtnt - я ваще о нём не знал
theredtnt - пока не посмотрел прохождение чтоб понять чё делать
theredtnt - я думал игра закончилась после ктулху
MEE6 Webhooks - 
theredtnt - т.к. нифига не происходило, а в мире я ничего интересного не нашёл
theredtnt - вот у меня был мозг ктулху
theredtnt - я ваще не понял что нужно уничтожать сердца чтоб призвать его
theredtnt - я даже не знал что они есть, ну декор и декор
MEE6 Webhooks - 
theredtnt - типа да, это прикольно что в этом мире ты никто и тебя никто не водит за ручку
theredtnt - но блин
mectorn - но в целом если бы я захотел такого опыта, я бы сходил в вангеров
theredtnt - даже в вангерах (господи упоси) мне было яснее чем впервые в террарии
theredtnt - не шучу даже
theredtnt - там конечно ужас
mectorn - ну там нпс говорят часто с тобой же
theredtnt - да
theredtnt - там прикол правда, первые челы говорят метафорами
theredtnt - и терминами своими
theredtnt - но вникая можно понять
theredtnt - и достраивать картину чё ваще делать тебе
theredtnt - к вики я приходил ток потому что думал что игра софтлокнулась
theredtnt - а в итоге я просто не на ту кнопку нажимал
theredtnt - не мог гонку начать т.к. нажимал на кнопку перехода на следующую реплику в диалоге, вместо того чтобы начать гонку <:xdd:1071526219402723449>
mectorn - а в king's field же есть какой-то предмет, который надо на рандом взять где-то в середине и потом таскать с собой всю игру, потому что без него босса не убить?
theredtnt - хддд
mectorn - великий дизайн миядзаки
theredtnt - Это литералли пасхалки в батлфилде
theredtnt - type of shit
mectorn - ща найду видос по игре и проверю
theredtnt - бляу
theredtnt - я щас вспомнил что мой любимый мод на баротравму
theredtnt - нейротравма
theredtnt - который вводит в игру реалистичную дамаг модель, с органами, кровяным давлением и всем таким
theredtnt - требует вики для игры
theredtnt - но блять, по-моему врачи годами учатся чтобы таким же заниматься <:xdd:1071526219402723449>
MEE6 Webhooks - 
MEE6 Webhooks - 
mectorn - не, не нашёл
mectorn - они вики годами учат
theredtnt - буквально
mectorn - в чат деволверов это скинули
mectorn - вот бы он сделал новую часть
theredtnt - pog
lordkekyshka - а нафига врачи смотрят вики годами, если на ютубе можно найти краткий гайд
lordkekyshka - без воды
mectorn - "Как провести операцию в на сердце за 10 минут в домашних условиях"
MEE6 Webhooks - 
lordkekyshka - Та вот
lordkekyshka - Шортс
theredtnt - блять
theredtnt - почему мне это видео ток щас попалось https://youtu.be/9rtSpqZdqQg?si=oM34FEMxy6p2VfWl
lordkekyshka - О
lordkekyshka - ДА ЭТО ЖЕ
lordkekyshka - 
mectorn - "I personally think this is false"

Создаёт новый официальный дискорд для этого разраба
theredtnt - 💀
lordkekyshka - Я всю жизнь учил английский, чтоб в один момент мои рекомендации обрели язык, в котором 10% букв это смайлики
theredtnt - я бы почекал даже
theredtnt - педро был прикольной игрой
mectorn - вот бы ремейк первой части
theredtnt - которая браузерная?
mectorn - да
theredtnt - йоу
mectorn - ну и длиннее сделать её
mectorn - она вроде на час где-то
mectorn - если не меньше
lordkekyshka - кто
mectorn - my friend pedro
mectorn - браузерная
lordkekyshka - она была браузерной?
devige - это кабуто я
mectorn - 
lordkekyshka - Кабуто это из киберпанка
mectorn - за кучу лет до стимовской версии была
lordkekyshka - там "кабуки"
lordkekyshka - эх
mectorn - во
lordkekyshka - сильно
lordkekyshka - Там уже был банан?
mectorn - да
mememeower - 
mectorn - <@275327402874241034> я нашёл пост от 2015го года от этого разраба про работу над новой частью. Она должна была быть реально как браузерная, с тем же персом, но в 3д https://www.mapcore.org/topic/19690-devlog-my-friend-pedro-blood-bullets-bananas/
mectorn - 
theredtnt - лол
theredtnt - забавно
mectorn - чел реально сфоткал кожуру банана и потом подстраивал uv под неё
theredtnt - истинный банан
lordkekyshka - блин, обожаю 14 февраля
lordkekyshka - Как он там называется...
lordkekyshka - Аээ
lordkekyshka - День защиты диплома
mectorn - день 14го февраля
lordkekyshka - (╯°□°)╯︵ ┻━┻
lordkekyshka - Зашёл в активность в стиме
lordkekyshka - а там динозавр на хуй орёт
lordkekyshka - блять, я уже забыл
theredtnt - <@450586020463771648> когда это озвучивать? https://youtu.be/qv0-i9eEhu0?si=hhKIT4WKCQ9sTTHC
lordkekyshka - Дай человеку хлеб и он сыт весь день дай
арбуз и он сыт всю ночь хожу по дому в
одних трусах потому что в двух жарко как
корабль назовёшь так на нём и напишут
пьяный мужчина не падает он атакует пол
суп из одной рыбы называется уха А суп
из пяти рыб называется ухахаха Я отдал
1.000 руб Турку теперь Э штука турка
если не знаешь как поступить Поступай
как знаешь когда я сходил спортзал
тренажёр стал сильнее если тебя обидели
незаслуженно вернись и заслужили Колумб
был первым человеком который попутал
берега бабки не главное главное их
пенсия одно колесо хорошо а два Хорошо
хорошо летать авиакомпании победам это
поражение Не бойся получить в нос бойся
получить в рот в пиве мало витаминов
поэтому его надо пить много очко понятие
растяжимое Никогда не делай девушке
комплимент про её усы какими бы
шикарными они не были глупый человек
жалуется на дырку в кармане мудры же
используют её чтобы почесать яйца Почему
отличники не ходят на бокс потому что
там можно получить двоечку одноногого
мальчику приделали колесо и пошло
поехало сколько человеку лет Столько ему
и зим я не уступаю в место бабкам в
метро потому что бабки в жизни не
главное
theredtnt - Мне так понравилось, Кот на арбузе.
lordkekyshka - https://tenor.com/view/watermelon-watermelon-cat-watermelon-cat-meme-meme-cat-meme-gif-5861810292592255483
theredtnt - так когда
lordkekyshka - О, я смог попросить чатжпт переписать эти цитаты, в нормальном варианте
lordkekyshka - Дай человеку хлеб — и он сыт на день. 

Дай арбуз — и он сыт на ночь. 

Хожу по дому в одних трусах, потому что в двух жарко. 

Как корабль назовёшь — так на нём и напишут.

Пьяный мужчина не падает — он атакует пол.

Суп из одной рыбы — уха. Суп из пяти рыб — ухахаха.

Я отдал 1000 рублей турку. Теперь эта штука — турка.

Если не знаешь, как поступить — поступай как знаешь.

Сходил в спортзал — теперь тренажёр стал сильнее.

Если тебя обидели незаслуженно — вернись и заслужи.

Колумб был первым, кто попутал берега.

Бабки — не главное. Главное — их пенсия.

Одно колесо — хорошо. Два — хорошо-хорошо.

Летать авиакомпанией "Победа" — это поражение.

Не бойся получить в нос. Бойся получить в рот.

В пиве мало витаминов, поэтому его надо пить много.

Очко — понятие растяжимое.

Никогда не делай девушке комплимент про её усы, какими бы шикарными они ни были.

Глупый человек жалуется на дырку в кармане. Мудрый использует её, чтобы почесать яйца.

Почему отличники не ходят на бокс? Потому что там можно получить двоечку.

Одноногому мальчику приделали колесо — и пошло-поехало.

Сколько человеку лет — столько ему и зим.

Я не уступаю место бабкам в метро, потому что бабки — не главное.
lordkekyshka - блять
lordkekyshka - я уже увидел проёб
lordkekyshka - чатжпт балбес
lordkekyshka - 
theredtnt - бро
theredtnt - <@450586020463771648> literally us
lordkekyshka - Можно, но нахуя
Можно, но дохуя
Можно, но перевести
Можно, но ролей большей людей
Можно, но 14 защита
Можно, но ещё куча проектов
Можно, но можно
lordkekyshka - А ещё игра уже мертва, пофиг
theredtnt - потому что это будет пизже чем та хуйня что мы высрали
lordkekyshka - Ну
theredtnt - да соси
lordkekyshka - Ты будешь Аней?
theredtnt - да мамка твоя
theredtnt - у меня нет же
lordkekyshka - Ты будешь писать автору для прав на перевод?
theredtnt - этот бро про копирайт заботится 💀
theredtnt - будто реально типа
theredtnt - порядошный человек
lordkekyshka - @joetastic вот его дс
theredtnt - 💀 💀 💀 💀 💀
16x9 - бро 💀
lordkekyshka - Ну, блять
lordkekyshka - Ладно взять реплики из игр
lordkekyshka - Это, сука, видео с ютуба напрямую
theredtnt - ну бро прав так-то
theredtnt - но бро такой типа
theredtnt - притворяется что не хуесос
theredtnt - 💀
theredtnt - дерьмо случается
theredtnt - что у меня с рекомендациями нахуй стало
theredtnt - https://youtu.be/fu0KoihoeA8?si=cpcqdJDXr58ORHLM
theredtnt - 
lordkekyshka - Я сделал
devige - была подобная хуйня
devige - слава бобу терь такого нет
theredtnt - жаль
devige - жаль
lordkekyshka - Мне лень теперь прыгать по рабочему аккаунту на ютубе и личному и теперь у меня рекомендации рабочего засраны
devige - пздц папич в фнафе срется
devige - но он осилил 4 ночь
mectorn - мог создать отдельный профиль в браузере только с рабочими акками с отдельным ярлыком
lordkekyshka - неее
devige - бля как же жду Эвелин
devige - когда уже 2 дня пройдет
devige - сцука
devige - 230 круток
lordkekyshka - Если будет Эвелин, значит будет на следующий день защита диплома
lordkekyshka - не хочу Эвелин
devige - ну хотяб потом свобода будет
lordkekyshka - Схуяли
lordkekyshka - Чем это свобода
devige - поч схуяли
mectorn - а не рано?
lordkekyshka - Не рано, если полтора года учишься
devige - после защиты продолжать учебу будешь?
mectorn - а, ну тогда ок
lordkekyshka - Только платно останется
devige - или че
lordkekyshka - на стипендии я посидел
devige - понял
devige - у меня каникулы по факту
devige - 2 месяца
devige - ибо практика
devige - а мне никуда не надо
lordkekyshka - Да, у меня практика за которую платить надо
lordkekyshka - класс
devige - раз в неделю отметится на онлайн практике
devige - и все
devige - поэтому хоть др отмечу
devige - куплю пару банок спиртного
devige - и убьюсь
devige - я уже подумал ты ебанулся
devige - и сначала не понял
devige - хули у меня показывает это
devige - и только понял
devige - на Никитыном акке сижу
devige - он почемут эти всплывающие хуйни не убрал
lordkekyshka - я ничё не понял
devige - я думал ты зашел
devige - и потом не понял какого хуя у меня вообще всплывают эти уведы с тем что кто-то в игры заходит
devige - а оказывается на акке Никиты сижу
lordkekyshka - Продай его инвентарь и купи мне игру какую-то
Leafy - https://media.istockphoto.com/id/1133825734/vector/homeless-emoticon.jpg?s=612x612&w=0&k=20&c=H81N73Wx6_uvB7MkkHqitVIohUBzp6jys3EBRaasAxg=
lordkekyshka - Сука
lordkekyshka - ахахаха
lordkekyshka - купи мне
Leafy - https://media.istockphoto.com/id/1133825734/vector/homeless-emoticon.jpg?s=612x612&w=0&k=20&c=H81N73Wx6_uvB7MkkHqitVIohUBzp6jys3EBRaasAxg=
lordkekyshka - купи
lordkekyshka - мне
lordkekyshka - ок
lordkekyshka - подари мне
Leafy - https://media.istockphoto.com/id/1133825734/vector/homeless-emoticon.jpg?s=612x612&w=0&k=20&c=H81N73Wx6_uvB7MkkHqitVIohUBzp6jys3EBRaasAxg=
lordkekyshka - аээ, чё ещё может быть
lordkekyshka - отсоси мне
devige - купи мне
lordkekyshka - блин, не продумал
devige issued command "screenbread"
Скриншот сохранен:
theredtnt - блять
Leafy - <t:1739218715:f>
devige - а не
devige - Проп спит
theredtnt - он обнаружил секретную фичу
lordkekyshka - изи
theredtnt - на которую мы его разводили
theredtnt - <@425189732494999552>
devige - у него инвентарь стоит 5 грывней
devige - это акк надо продавать
lordkekyshka - схуяли
devige - чтобы много денег было
lordkekyshka - куда дел всю хуйню
devige - дота айтемы непродаваемые
devige - только подарком можно кидать
devige - и то не все
devige - лучше уже акк продать за 10к
devige - хотя там больше будет
devige - я вот надеюсь лет 10 пройдет скоро
lordkekyshka - о, я ещё придумал
lordkekyshka - дай мне
devige - и я акк за лям продам
lordkekyshka - эааэаэа
lordkekyshka - не продумал
devige - ибо уже те айтемы которые у меня
devige - они с годом ценнее
devige - особенно скины 21 года
devige - и арканы 22
devige - эээээм
devige - в каком плане
lordkekyshka - Та не ты
lordkekyshka - Проб
devige - что проп
lordkekyshka - Хлебный мальчик
devige - а я какой
lordkekyshka - аээ
devige - рэд рот не открывай
devige - про то какой я
theredtnt - у них большинство итемов полученные бесплатно, а разрабы решили не вводить итемы полученные бесплатно в экономику
theredtnt - потому что пидорасы
devige - бля
devige - я думал напиздишь на меня
devige - не
devige - платно как раз
lordkekyshka - А давно Дев тоже "рэд" пишет?
devige - я проебал на сундучки недавно
theredtnt - а нахуя тогда
lordkekyshka - 
devige - 2160грн
lordkekyshka - охуеть
devige - подарками можно
theredtnt - сука вскройся
devige - продать
devige - на фанпее
devige - я так дровку за 2к продал
devige - которую получил за 120
theredtnt - это понятно, но это не оффициально
theredtnt - почему продавать на тп нельзя
devige - ну да
theredtnt - нахуя так сделали
devige - потому что это коллекторки
devige - которые 1 раз дарить можно
devige - и все
devige - после того как подаришь
theredtnt - звучит как дрист
devige - хуй ты эту шмотку кому угодно кинешь
devige - ну на то это и редкие айтемы
lordkekyshka - о, я ещё придумал
lordkekyshka - а мне
lordkekyshka - блять
devige - можно другу скинуть
lordkekyshka - да он чё ток 2 фразы вписал
devige - можно скинуть китайцу скупщику
theredtnt - в кс дохуища редких айтемов и без такой хуйни
theredtnt - и цены в разы больше
lordkekyshka - закажи мне
devige - ну так там и цены дороже
lordkekyshka - скууукааа
devige - если коллекторки продавали
devige - они стоили бы грн 60
theredtnt - в этом то и дело
devige - как и айтемы с бп сундуков
theredtnt - придумали какую-то поеботу
lordkekyshka issued command "screenbread"
Скриншот сохранен:
Leafy - <t:1739219131:f>
theredtnt - когда уже есть наработаная схема, на которой челы жизнь строят
lordkekyshka issued command "screenbread"
Скриншот сохранен:
lordkekyshka issued command "screenbread"
Скриншот сохранен:
Leafy - <t:1739219133:f>
Leafy - <t:1739219134:f>
lordkekyshka issued command "screenbread"
Скриншот сохранен:
Leafy - <t:1739219138:f>
16x9 - в доте дорогие шмотки по идее такие же
lordkekyshka issued command "screenbread"
Скриншот сохранен:
16x9 - ваще
Leafy - <t:1739219140:f>
lordkekyshka issued command "screenbread"
Скриншот сохранен:
Leafy - <t:1739219141:f>
lordkekyshka issued command "screenbread"
Скриншот сохранен:
Leafy - <t:1739219144:f>
devige - просто многие бы ахуевали с того что они проебали на сундуки 2160 грн
lordkekyshka issued command "screenbread"
Скриншот сохранен:
Leafy - <t:1739219146:f>
lordkekyshka issued command "screenbread"
Скриншот сохранен:
Leafy - <t:1739219149:f>
16x9 - обидно что в доте шмоток дорогих так то не т
lordkekyshka issued command "screenbread"
Скриншот сохранен:
Leafy - <t:1739219152:f>
MEE6 Webhooks - 
devige - и потом их шмотки продают за 50 грн
lordkekyshka issued command "screenbread"
Скриншот сохранен:
Leafy - <t:1739219154:f>
lordkekyshka issued command "screenbread"
Скриншот сохранен:
Leafy - <t:1739219157:f>
lordkekyshka issued command "screenbread"
Скриншот сохранен:
lordkekyshka issued command "screenbread"
Leafy - <t:1739219160:f>
Скриншот сохранен:
Leafy - <t:1739219161:f>
devige - а то что этот чел выдрачивал
16x9 - есть только старые шмотки с самоцветами
16x9 - и всё
theredtnt - коллекционные?
theredtnt - которые прям уникальные в комьюнити
devige - будет продаваться за 120 грн
devige - как и стоимость сундука
lordkekyshka - А, я в стим заходил, чтоб чекнуть чича
lordkekyshka - вспомнил
16x9 - не,типо их можно свободно трейдить
16x9 - есть пара уникальных
16x9 - типо вар дога
16x9 - и опять же
theredtnt - коллекционные не всмысле доты
16x9 - шмоток с самоцветами
theredtnt - а в нормальном смысле
16x9 - но на этом всё
lordkekyshka - Ну вот, азиат продаётся какой-то у Чича
theredtnt - всмысле ценные для коллекционеров, вообще
lordkekyshka - чё они ща дёшево стоят?
theredtnt - а не в том, какой тег у итема
devige - он стоит 3 копейки
theredtnt - вот условно как керамбит блю джем который стоит больше чем 2 миллиона долларов?
devige - азиаты дешевые
16x9 - ну вот раньше до какого-то времени можно было делать шмотки с уникальными цветами
16x9 - потом убрали фичу
devige - это надо славян брать
devige - они по 2 грн
lordkekyshka - О, ну вот бро какой-то из тим спирит
16x9 - а, такого нет
lordkekyshka - они же крутые
lordkekyshka - точно дорого
16x9 - к сожалению
16x9 - все шмотки одинаковые
16x9 - и вот я и говорю
devige - блестяшка
theredtnt - увынск
16x9 - рот ебал, обидно
16x9 - есть или старые эксклюзивы бп
lordkekyshka - Да ты посмотри какие бананы у Чича
16x9 - или старые эксклюзивы с инта
lordkekyshka - это миллиарды деняк
16x9 - или старые багнутые
devige - я ебал валв за то что последние их коллекторки полная хуйня
devige - ну если сравнивать с 20 и 21 годом
lordkekyshka - йоптвоюмать
lordkekyshka - скока у него фонов
devige - коллекторки 20 и 21 года пздц как выделялись
devige - сейчас же просто насрали говна
devige - даже особенных приколов почти не добавили
devige - у акса 21 года на оружке змея крутилась
devige - или че там было
lordkekyshka - Кто
lordkekyshka - Хочет озвучить Ви
devige - и перс переливался прикольно
devige - в 24 добавили баланара
devige - просто нахуй синий
devige - ночью просто красный
devige - ахуеть круто
devige - дровку которую продал
devige - пиздатая была
devige - у нее юбка длинная и шляпа самурайская
devige - да и вообще одежда вся прикл
devige - с арканой идеально смотрелась
devige - щас же отбирают самых уебищных
devige - и добавляют
devige - особенно бесит когда в каждой коллекторке ебаные личности на инвокера и пуджа
devige - или просто пудж
devige - вы совсем ебанутые
devige - много героев без скинов
devige - тот же морф
devige - троль
devige - дохуя крч
devige - заебучь перечислять
16x9 - и 0 идей для профилей
devige - 2 карточки доты
devige - игральные
lordkekyshka - зато гривны
lordkekyshka - О
lordkekyshka - Я ещё придумал
lordkekyshka - дай денег
devige - 
lordkekyshka - Блять
lordkekyshka - Да он вообще не старался
devige - 
devige - это мой инвент
lordkekyshka - в чём рофл мне искать пасхалки
theredtnt - а они по какому принципу косметику выкатывают?
theredtnt - как выбирают героев?
devige - голосование
devige - ебанаты видят пуджа
devige - сразу такие
devige - опа
theredtnt - бляу
theredtnt - ну и дерьмо
devige - зеленая кнопка нравится
devige - да полная хуйня
devige - пусть добавят тогда в голосование героев на которых почти нихуя нет
theredtnt - в лиге той же берут в бандл популярных геров и тех у которых давно не было скинов + которые подходят под тематику
theredtnt - и то голосовать не будут
lordkekyshka - В Киберпанке можно шотать боссов по стелсу, охуеть
theredtnt - ибо пудж
devige - будут
devige - там крч как
devige - тебе дают скинов 100-200
devige - не помню скок
devige - и листаешь
devige - и там 2 кнопки
devige - нрав и не нрав
theredtnt - пон
devige - а дальше я не ебу чо они делают
devige - мб не смотрят в эти голосования
16x9 - блять
16x9 - 12 лет назад
theredtnt - а скины комьюнити делает?
16x9 - продали куру
devige - да
16x9 - и всё нахуй
devige - а валв их доделывает
16x9 - дороже шмоток не придумали
devige - добавляет особенности
devige - светляшки
devige - но в последнее время
devige - им похуй на это
devige - вот что мне понравилось
theredtnt - я кста пизданул походу
devige - это скин на луну
theredtnt - не 2 миллиона
devige - который выбил
16x9 - напоминаю, сундук дота+ уже год как не вернулся
theredtnt - да валв компания аутсорс блять
devige - 
theredtnt - в плане сессионок
devige - вот этот скин понравился прям
devige - я его сука выбил
devige - проебал на него 2160 грн
theredtnt - нихуя на варвике катается
theredtnt - гача??????
devige - так еще и ляхи голые
devige - ну там гача да
devige - если редкие выбиваешь
devige - но обычные 100проц выбиваешь
theredtnt - в лиге такой шум поднимался из-за гачи
devige - в доте гача с первой коллекторки
theredtnt - мучи
devige - даже раньше
devige - хз когда сундуки появились
theredtnt - я думал эта болезнь ток щас начала распространятся
devige - мб в году 13
devige - ну эти пидоры хоть чето бесплатно делают
devige - для тех кому не хочется деньги в говно проебывать
devige - конфетки
lordkekyshka - Все мы будем играть в гачи, в конце-концов
devige - я 2 арканы получил на основу и твинк
devige - пудж и течис на основе
devige - на твинке огр и лина
devige - я люблю такое
devige - лудоман я
lordkekyshka - казино гейми
lordkekyshka - настоящее
devige - но не прям такой который все деньги готов всадить в это
mememeower - пиздец впервые с одноклассниками поиграл и не кринжанул
devige - которые не жалко
mectorn - 
mememeower - хотя ладно, кринжанул, 8к часов в сидже это пиздец
lordkekyshka - Я играл с челами из школы лишь раз
devige - ебать чо
lordkekyshka - где-то в 4 классе, с одноклассницей в майнкрафт, лол, по скайпу
devige - я думал это тот шутер который забрасывают максимум за 100 часов
devige - мне вообще не понравилась игра
devige - ну не то что она хуйня
lordkekyshka - Я смотрю чела на ютубе, что играет в сидж всё ещё
lordkekyshka - с релиза
devige - просто я хз чо в ней ловить долго
devige - с одноклассником играл
devige - мы с случайно встретились на моем серве открытом
devige - в майне
devige - я зашел просто майн и открыл для сети
devige - и ко мне зашел он
devige - однокл
lordkekyshka - У меня была возможность пару месяцев назад пойти в дс, поиграть с бывшим одноклассником
devige - и еще какие-то 2 чела
lordkekyshka - Но я в рот ебал эти старые знакомства, мне лень
devige - из одноклассников только с 1 активно общаюсь
devige - это Вадимка
theredtnt - 
devige - остальные уже в других темках
devige - 1 блять видимо наркоман
devige - что впринципе для селидовки база
theredtnt - в майнкрафт и лол?
theredtnt - деймн
devige - 2 спортсмен
devige - 3 тоже спортсмен
theredtnt - романтическое бот дуо
lordkekyshka - ты дураллей или прикалываешься?
devige - 4 качок живет в германии
theredtnt - тоже на юми?
devige - и это не рэд
theredtnt - блять
devige - ебаный тренер
mememeower - я с одноклассниками играл в сидж
mememeower - в сифу
mememeower - в арму за игил
devige - остальные не ебу чо делают
devige - да и похуй
lordkekyshka - У меня нет одноклассников, сорри, я перешёл на следующий этап
devige - главное что знаю чо с основными челами с которыми кентовался
devige - хотя лан
mememeower - мои однокурсники ебанаты
devige - не знаю че еще у двоих происходит
mememeower - так что только с одноклассниками
devige - и программистов ебаных
theredtnt - у меня с одноклассниками были сессии игры в бугрок майнкрафт, какой нить клеш рояль ещё чё-то. И ток блять с какорехом в чё-то нормальное играли
devige - такая же хуйня с Вадимом
devige - мы сидели в кску хуярили
devige - майн терку
theredtnt - а мои одногруппники просто фулл мусор, потому похуй
devige - кайфовали крч
devige - пубги
devige - у меня одногрупники чил
devige - особенно все отличники
mememeower - а еще я с одноклассником в мтс4 играли
mememeower - за игил с суисайд с4
devige - отличники прям пиздатые челы
lordkekyshka - У моей одногруппницы Годжо Сатору на аве
lordkekyshka - день испорчен
theredtnt - с одноклассником или прям кентом?
theredtnt - я сомневаюсь что в арму блять или ещё чё-то такое серьёзное
mememeower - одноклассниками
mememeower - я это
theredtnt - можно просто пойти с одноклассниками
mememeower - проник в группу челов с разных классов
mememeower - которые играют вместе
theredtnt - бляу
devige - 
devige - Кролик
lordkekyshka - Кролик
theredtnt - у нас никто не геймил помимо нашего кружка, а те кто геймили - не высовывались
devige - 
theredtnt - почему я сразу же узнал самолёт 😭
theredtnt - я хочу убиться
lordkekyshka - это не самолёт
lordkekyshka - это папич
devige - это Артас
theredtnt - варкрафт чооо
devige - а не папич
mememeower - 
mememeower - ава чела
mememeower - с моего класса
mememeower - единственная нормальная
lordkekyshka - У 90% моих одногруппников они сами на авах
devige - заебал уже этот пользователь стима из черного моря
devige - надо чето новое ставить
devige - есть такое
lordkekyshka - ну у меня как бы самая охуенная ава
lordkekyshka - мне пофиг
devige - у меня и челы с дед инсайд авами
devige - и без ав
lordkekyshka - А ещё на мой тгк подписался Фини, пипец
devige - и Вадим
devige - крабик
lordkekyshka - Фини мой отец кста
mememeower - у меня в классе чел 6.2к ммр в дота 2
lordkekyshka - БЛЯТЬ
mememeower - правда спрашивал я это месяца 2 назад
lordkekyshka - А ОН ВЕДЬ ВНА2РЕ ОТЕЦ
devige - а Вадим титян уже
devige - получается тоже так
devige - примерно
devige - а мне уже на цифры похуй
devige - да и всегда было
mememeower - хуй знает он на инфе в инвокер симуляторе сидит постоянно
devige - я казуал
lordkekyshka - Я сегодня в лс с святослужителем матерился
devige - всегда на кайф играл
lordkekyshka - Это я скок лет просижу в аду?
devige - по моим последним играм можно сказать
MEE6 Webhooks - 
devige - которые были сыграны 2 месяца назад
mememeower - 
devige - 1 мат это 80 лет в аду
devige - надо более злобное чето
mememeower - 
lordkekyshka - # блятьблятьблятьблятьблятьблятьблятьблятьблятьблятьблятьблятьблятьблятьблятьблятьблятьблятьблятьблятьблятьблятьблятьблятьблятьблятьблятьблятьблятьблятьблятьблятьблятьблятьблятьблятьблятьблятьблятьблятьблятьблятьблятьблятьблятьблятьблятьблятьблятьблятьблятьблятьблятьблятьблятьблятьблятьблятьблятьблятьблятьблятьблятьблятьблятьблятьблятьблятьблятьблятьблятьблятьблятьблятьблятьблятьблятьблятьблятьблятьблятьблятьблятьблятьблятьблятьблятьблятьблятьблятьблятьблятьблятьблятьблятьблятьблятьблятьблятьблятьблятьблятьблятьблятьблятьблятьблятьблятьблятьблятьблятьблятьблятьблятьблятьблятьблятьблятьблятьблятьблятьблятьблятьблятьблятьблятьблятьблятьблятьблятьблятьблятьблятьблятьблятьблятьблятьблятьблятьблятьблятьблятьблятблятьблятьблятьблятьблятьблятьблятьблятьблятьблятьблятьблятьблятьблятьблятьблятьблятьблятьблятьблятьблятьблятьблятьблятьблятьблятьблятьблятьблятьблятьблятьблятьблятьблятьблятьблятьблятьблятьблятьблятьблятьблятьблятьблятьблятьблятьблятьблятьблятьблятьблятьблятьблятьблятьблятьблятьблятьблятьблятьблятьблятьблятьблятьблятьблятьблятьблятьблятьблятьблятьблятьблятьблятьблятьблятьблятьблятьблятьблятьблятьблятьблятьблятьблятьблятьблятьблятьблятьблятьблятьблятьблятьблятьблятьблятьблятьблятьблятьблятьблятьблятьблятьблятьблятьблятьблятьблятьблятьблятьблятьблятьблятьблятьблятьблятьблятьблятьблятьблятьблятьблятьблятьблятьблятьблятьблятьблятьблятьблятьблятьблятьблятьблятьблятьблятьблятьблятьблятьблятьблятьблятьблятьблятьблятьблятьблятьблятьблятьблятьблятьблятьблятьблятьблятьблятьблятьблятьблятьблятьблятьблятьблятьблятьблятьблятьблятьблятьблятьблятьблятьблятьблятьблятьблятьблятьблятьблятьблятьблятьблятьблятьблятьблятьблятьблятьблятьблятьблятьблятьблятьблятьблятьблятьблятьблятьблятьблятьблятьблятьблятьблятьблятьблятьблятьблятьблятьблятьблятьблятьблятьблятьблятьблятьблятьблятьблятьблятьблятьблятьблятьблятьблятьблятьблятьблятьблятьблятьблятьблятьблятьблятьблятьблятьблятьблятьблятьблятьблятьблятьблятьблятьблятьблятьблятьблятьблятьблятьблятьблятьблятьблятьблятьблятьблятьблятьблять
devige - аывафвхахфыахвфыхахвфы
devige - ну это Вадима ава
mememeower - 
devige - ну вот это збс
devige - беру
lordkekyshka - Я смотрел видео чела, что обозревает конченных персон интернета, в реакции Братишкина
lordkekyshka - а теперь пересматриваю лично, как в первый раз
lordkekyshka - Реакции ваще не дают запомнить контент
devige - 
mememeower - https://youtu.be/DjYsTJ1ygbM?si=HhMXe5dcSIBBlaMN
16x9 - пиздец
lordkekyshka - как же я хочу однажды
lordkekyshka - на пенсии, или я хз как иначе
lordkekyshka - Сесть
lordkekyshka - И просто хуярить в Криейт
lordkekyshka - или сборку какую-то большую
devige - а мне впадлу понимать криейт
devige - люблю лайтовую хуйню
devige - рпг сборки всякие
theredtnt - криейт не сложно понять
theredtnt - сложно кукать что либо с ним
theredtnt - это как редстоун
theredtnt - или как программирование
devige - да просто мне впадлу разбираться в приколах этих
theredtnt - там разбираться практически не в чем впринципе
lordkekyshka - Самый лучший мод - Ice and fire
devige - да и геймплей мне нравится когда нужно по миру бегать
lordkekyshka - буду его продвигать до смерти
lordkekyshka - 🤙
devige - факт
theredtnt - я всё ещё не понял есть ли там какой-то смысл
theredtnt - или цель
theredtnt - конечная
devige - меня этот мод пздц как заинтерисовал
devige - но был 1 минус
devige - сборку делал ебаный Док
lordkekyshka - кто где
lordkekyshka - о чём вы
devige - поэтому сборка не запускалась
theredtnt - вот в драконике шарю, есть финальный босс и топ тир снаряжение которое выживание в креатив превратит по сути
devige - а если запускалась то лагало пздц
devige - ибо он не ставил какую либо оптимизацию
theredtnt - ice and fire
mememeower - creative lore
devige - а ему похуй ибо ртх у него
lordkekyshka - Хз, у меня все моды не запускаются
devige - 4060 мб
lordkekyshka - мне похер
devige - и фпс 60 есть у него
theredtnt - там в основном процессор грузит
theredtnt - ну, моды
devige - а точ
devige - ну все равно
theredtnt - если там конечно не какая-то ебанутая графическая хуйня
lordkekyshka - Хз, у меня нет процессора
mememeower - майнкрафт тоже однопоточный еблан
theredtnt - обычно логика
devige - Гик пиздато сборки делает
devige - с его сборками майн летает просто
16x9 - он легкий очень
mememeower - почему крупные компании так не любят мультитред
theredtnt - это к тому что майнкрафт еблан или я?
16x9 - намного легче чем индастриал тот же
theredtnt - просто я надеюсь что второе
16x9 - и он кайфовый
mememeower - почему ядро всегда в одно ядро
devige - да я понял уже
mememeower - оба конечно же
theredtnt - отлично
devige - мне не интересно на месте чето делать
mememeower - forge однопоточный, ванилла однопоточная
lordkekyshka - я придумал как доебать дипсик
lordkekyshka - заставлю его дндешить жожо
mememeower - фабрик свое ядро на 4 ядра растянуть может хоть
16x9 - мб есть такое
16x9 - я вот хочу сука мод нормальный с данжами
theredtnt - вот с обычным индастриалом хз
theredtnt - а вот который новый, индастриал классик то да, там пиздец какой-то
theredtnt - считать напряжение на сети
16x9 - чтоб был смысл бегать по миру искать шмотки
16x9 - а не крафтить всё
theredtnt - трансформаторы какие-то
theredtnt - куча крафтов
mememeower - индастриал классик это симулятор ирл электрика
16x9 - о
16x9 - знаете что?
16x9 - помните мои похождения в таумкрафте?
16x9 - там ж его переделывают)
devige - поэтому не могу терпеть всякие техномоды
devige - когда мы играли на скайблоке с модами этими
16x9 - сука магическое выживание чимча V2
devige - я просто зевал
devige - и спать хотел
16x9 - я говорю
devige - хотя только проснулся
16x9 - пока лучшая сборка что я играл
devige - я люблю мясо
16x9 - это абов
devige - экшен
MEE6 Webhooks - 
devige - динамику ебанутую
16x9 - с какорехом, редом и онли
mememeower - мне грегтеч зашел
mememeower - на ультрахардкоре
theredtnt - Технарьство это литералли: жаль, что далеко не все поймут в чём дело)))) действительно тонко))))) не так много и образованных в наше время, знает, почему это так интересно и необычно))))
16x9 - жаль я клипы проебал как мы на кошках летели и убивали друг друга
16x9 - ДА
theredtnt - пидорас
devige - да дело в том что все я понимал
devige - как делать чо делать
16x9 - (
devige - мне просто скучно было
mememeower - технарство это скучно пиздец
16x9 - там дроч с крафтами
devige - я там дохуя че сделал
16x9 - а я хочу дроч с исследованием
16x9 - вот я хочу чтоб надо было найти сука биом
theredtnt - дело не в том что ты понимаешь или не понимаешь, дело в том, что ты решаешь какую-то сложную технарьскую хуйню, и от этого кайфуешь
16x9 - найти данж
devige - мб часов 20 наиграл
16x9 - пройти данж
16x9 - мы когда играли
16x9 - я помню были данжи
16x9 - с скалапендрами
16x9 - которые хуй пройдешь без лута
16x9 - и всё нахуй
16x9 - это как писать прогу 10 часов чтоб автоматизировать таск на 10 минут?
devige - хотя пизже
devige - больше
devige - намного
MEE6 Webhooks - 
theredtnt - галактик крафт звучит как идеальный мод про исследования, бля буквально нужно в космосе по планетам летать чтобы продвигаться и лутаться
theredtnt - но там одинаковые сука данжи
devige - есть такое
mememeower - А САМЫЙ РОФЛ ГАЛАКТИКА
theredtnt - и лут везде одинаковый, только тиром повыше
mememeower - челы сделали кучу аддонов
lordkekyshka - Какая же Гориллаз тема
lordkekyshka - ааааа
mememeower - но они нихуя фактически не меняют
theredtnt - да
theredtnt - именно
mememeower - тупо новые планетки
16x9 - кста
devige - хз я не мазохист крч
16x9 - а грегтеч это не то выживание с бомжа до ножа?
theredtnt - да
16x9 - СУКА
16x9 - я говорил
mememeower - это допотопная хуйня
16x9 - я ненавижу нахуй такое)
16x9 - https://www.youtube.com/watch?v=VNPl-FBeEwQ
devige - помню док сборку сделал
16x9 - я уже кидал
16x9 - но скину еще раз
devige - по типу той игры в которую недавно диишники играли
16x9 - бля может такое попробовать?
theredtnt - хзлол мы в винтаж играли <:xdd:1071526219402723449>
devige - только пздц душная версия
devige - доку нравилось блять верстак крафтить 20 часов
devige - а мне нет
mememeower - есть модпак где мир глубиной в 1024 блока
mememeower - и там куча разных биомов
16x9 - я ваще не шарю за винтаж, но с 1 минуты геймплея что я видел там видно что старались
devige - вот просто бегаешь камни собираешь как обезьяна
devige - грязь собираешь
theredtnt - майнкрафт не заточен под такой геймплей, в винтаже в 100 раз лучше получается, но там тоже душно ибо руды слишком редко появляются
16x9 - это не та где нас торнадо каждые 30 сек убивали и нельзя было копать никакие блоки?
16x9 - и все блоки падали с физикой песка
theredtnt - сотни и тысячи блоков нужно пиздовать чтобы найти руду нужную
devige - до этого
mememeower - <@275327402874241034> https://youtu.be/n77KEIU-40k?si=u9funm1-nrX0lI-d
theredtnt - там вся эта хуйня проработана нормально
theredtnt - можно строить без дохуища инструментов
theredtnt - и лейтгейм предметов
16x9 - вот
theredtnt - еду нужно хранить реалистично
theredtnt - в погребах там
theredtnt - выбивать камни не в гуи
theredtnt - а в мире
theredtnt - но сука руд нет
mememeower - модпак ахуенный
mememeower - хочу
16x9 - ну если нет хуйни с тем что тебе НУЖНО умрать 100 раз в начале - то кайф
theredtnt - сколько мы играли? до сих пор бронзу не смогли сделать
devige - ахуенно
theredtnt - разве что из-за отсутствия еды
mememeower - наебал кстати
16x9 - а ее тяжело фармить?ъ
mememeower - там 2048
MEE6 Webhooks - 
theredtnt - потому что у нас никто не уходил далеко, не охотился
theredtnt - всем похуй было
16x9 - а
theredtnt - не особо
16x9 - ну тут ладно
lordkekyshka - я зашёл в винтаж и первое что увидел был портал
16x9 - такое и в 7дтд было у нас
lordkekyshka - мне сказали в него не заходить
theredtnt - кусты везде, есть дичь на которую можно охотится
mememeower - я уходил прям пиздец далеко
lordkekyshka - не нравица
mememeower - так и не нашел олово
theredtnt - выращивать нельзя
theredtnt - я про еду
theredtnt - никто за ней не шёл особо
mememeower - охота изич
mememeower - но слишком быстро животных вырубаешь всех
16x9 - вот би у нас был java челик
16x9 - который моды бы нам писал
mememeower - я там ферму начинал, но удобрения нужны
16x9 - и нормально сборки чинил
theredtnt - какорех чекал, ему не понравилось
mememeower - и растения растут по 3 сезона
16x9 - чтоб не как у дока сука
theredtnt - он бля мод компилировал несколько часов
theredtnt - ну как
theredtnt - собирал в джар хуйню эту
16x9 - у половины не запускалась сборка, у другой половины 1 фпс
theredtnt - знаете что его мод делал???
16x9 - ничего?
16x9 - типо простая болванка?
theredtnt - регистрировал его в списке модов в фордж мод лоадере
theredtnt - да.
16x9 - выажвфыжавжыпаж
theredtnt - + он ещё раз 30 фиксил хуйню какую-то
theredtnt - по которой не было ответов в инете
theredtnt - потому что среда разработки - мусор
theredtnt - и язык этот мусор
theredtnt - и моддинг джавы вообще мусор
theredtnt - спасибо тем кто жертвует собой ради гейминга
MEE6 Webhooks - 
16x9 - блять
theredtnt - ну впринципе можно изучить вопрос так-то
16x9 - вот бедрок сделан на плюсах
16x9 - я учу плюсы
16x9 - сука
16x9 - почему они не сделают поддержку модов ахуенную
16x9 - хотя ладно
mememeower - потому что микромягкие
lordkekyshka - Я никкогда не научусь с первой попытки писать "потенциал", сука
16x9 - я говорил что мне нравится куда двигают моджанги с модульностью майна
lordkekyshka - "потанцевал" нахуй
mememeower - они наоборот все свои сорсы обфусцировали
16x9 - 
mememeower - и моды стало намного тяжелее делать
16x9 - хд
mememeower - микромягкие ебаные хуесосы
16x9 - типо я видел челики в снапшотах ебейшие темки делали
theredtnt - так написал же
16x9 - то что они сделали кастомные айтемы оптифайна официальными
lordkekyshka - так я загуглил перед этим
lordkekyshka - это уже не первавя
MEE6 Webhooks - 
16x9 - потанцевал.
lordkekyshka - потанцевал
mememeower - ура оно загрузилось
theredtnt - У ядерных держав наблюдается так называемый ядерный потанцевал
lordkekyshka - Скин максимально базовый
lordkekyshka - не представляю у тебя другого
lordkekyshka - играй с ним всю жизнь
mememeower - я скин менял ток чтобы на хайпиксель зайти
mememeower - потому что забанить могут
mememeower - твари
mememeower - я бы его под плащ переделал
mememeower - и норм
theredtnt - оно выглядит как то, что заебёт сразу же после 5 минут нахождения в том биоме
m8th8t - 
theredtnt - это ж та хуйня с глубиной?
mememeower - там под 3 сотни биомов
lordkekyshka - БЛЯТЬ ПРОБ
theredtnt - я хз как назвать прослойку в мире
lordkekyshka - ТЕПЕРЬ ЭТОТ НИК У КАКОГО-ТО ОПЕЗДОЛА
theredtnt - ну, все прям жёстко выделяются?
lordkekyshka - ПОТЕРЯ ПОТЕРЬ
mememeower - там мир 2к блоков глубиной
theredtnt - и прям качественно играются на десятки минут?
theredtnt - я понимаю что их дохуя
lordkekyshka - <@425189732494999552>
mememeower - ну мне зашло
16x9 - какой нахуй игорь желудок
m8th8t - ігор желудь
theredtnt - но если у 300 биомов нет по 10 уникальных отличий от всех других
theredtnt - то это будет заёбищно играться
mememeower - из минусов - начало игры хардкор пиздец
lordkekyshka - ПРОБ НЕ СПИТ
lordkekyshka - Он мне в тг ответил
lordkekyshka issued command "screenbread"
Скриншот сохранен:
Leafy - <t:1739222576:f>
theredtnt - модовые планеты в ксп этим страдают, дохуища планет, а все сука как одно
lordkekyshka - Хм, не могу выбрать, какой скин отображает Онли больше
lordkekyshka - Наверное первый всё таки
theredtnt - первый
theredtnt - второй хорош, но первый прям онл
MEE6 Webhooks - 
lordkekyshka - 
theredtnt - второй передаёт часть персоны онли
theredtnt - первый всю
m8th8t - когда марсианам пво завезут?
theredtnt - <sound:545320004858413074:1332300371422347324>
m8th8t - 
lordkekyshka - Так
mememeower - какой же этот модпак красивый
lordkekyshka - Мне лень было придумывать стенд для днд, так что я заставил ИИ сделать систему из жожо режимов
lordkekyshka - со стрелами
lordkekyshka - вобля
lordkekyshka - <:Balls:1138235164934295693> 👍
lordkekyshka - ХАХАХАХА СУКА
lordkekyshka - Чтож это такое комбо, что меня порвало
lordkekyshka - 
theredtnt - бля, а вот глухие же челы могут говорить, если говорили до потери слуха
theredtnt - а они слышат себя?
lordkekyshka - 
mememeower - да
lordkekyshka - честная реакция
theredtnt - они могут напевать песни чтоб типа
theredtnt - послушать как они звучат
mememeower - хотя скорее они чувствуют себя
theredtnt - если там тайминг будет
mememeower - как тот глухой чел композитор
MEE6 Webhooks - 
theredtnt - моцарт
lordkekyshka - Рэд обычно чувствует пенис в жопе
mememeower - который песни через переходник пианино-вилка-голова делал
theredtnt - да, моцарт
theredtnt - вроде бы
theredtnt - там же звук вроде передаётся от к кости или нерву который вибрации принимает
m8th8t - звуки же вибрацией можно слушать не?
m8th8t - даже если слух потерять полностью
theredtnt - а зубы прямо в кости ебашат
mememeower - если у тебя слуховой нерв сдох то ты все
theredtnt - и передают вибрации
mememeower - перманентно глухой
mememeower - если слушающий аппарат - то вибрацией восстановить можно
m8th8t - +12 очков
m8th8t - изи
theredtnt - мне нравится как мы все втроём
theredtnt - об одном и том же
theredtnt - разными словами
theredtnt - блять ai generated ahh чат
lordkekyshka - А Я ГОВОРИЛ, ЧТО ЭТО САМЫЙ КРУТОЙ СТЕНД
lordkekyshka - ПОБЕДА
mememeower - у меня личный экспириенс
mememeower - я на правое ухо хуево слышу
theredtnt - я сухарики ел и ебашил себе по черепу чтоб узнать это <:Balls:1138235164934295693>
theredtnt - не спрашивайте зачем я ебашил себе по черепу
theredtnt - я не помню
theredtnt - возможно из-за этого я ебашил себе по черепу
mememeower - че за еблан
theredtnt - странно выглядящая собака
mememeower - благо челы в этом паке не просто модов накидали
mememeower - а еще связи между ними сделали
mememeower - и инструменты на все добавили
lordkekyshka - Ладно, дипсик пососал
fijiwj issued command "time"
Leafy - сейчас у проба 11.02.2025, 07:31:25
fijiwj - ебать
fijiwj - он живой
16x9 issued command "screenbread"
Скриншот сохранен:
Leafy - <t:1739223125:f>
mememeower - ЕБАТЬ МОЖНО ДЕРЕВЯННЫЕ ВЕДРА КРАФТИТЬ
mememeower - лучший модпак
mememeower - 10/10
mememeower - и поводки
16x9 - кста
16x9 - 
lordkekyshka - кто
16x9 - там ж на заводе огурец с каждым днем растёт
mememeower - me when she pickles my season till i fortnite
16x9 - бля надеюсь завезут что-то под https://www.youtube.com/watch?v=5vsWuzhaCC8
mememeower - 
lordkekyshka - Проб поспал 3 часа
lordkekyshka issued command "time"
Leafy - сейчас у проба 11.02.2025, 07:34:38
lordkekyshka - а я думал этот у Онли проблемы со сном
lordkekyshka - Я СМОГ
lordkekyshka - ААААААААААААААААААААА
lordkekyshka - РАЗВИТИЕ
mememeower - я сплю днем
lordkekyshka - Нихуя се чел там
lordkekyshka - The hand в коммон
mememeower - <@275327402874241034> ну пока норм играется
theredtnt - я думаю рано судить
theredtnt - ты бля поиграл меньше чем пол часа
theredtnt - вероятно проблемы всплывут когда несколько уровней пройдёшь
theredtnt - либо не всплывут
theredtnt - и тогда мы пойдём в этот ебейший мод
lordkekyshka - У меня обычно всегда норм, потом ебашит смерт
theredtnt - БЛЯТЬ ТАК ШУТКА ПРО ПИНА И 40-ЫЕ ГОДЫ ЭТО НЕ ПРИДУМКА ФАНАТОВ
theredtnt - АХХАХАХХАХ
theredtnt - ЕСЛИ БЫ Я ЗНАЛ РАНЬШЕ
lordkekyshka - Пин и Капатыч воевали на разных сторонах
